make all --print-data-base --no-builtin-variables --no-builtin-rules --question
# GNU Make 4.3
# Built for x86_64-pc-linux-gnu
# Copyright (C) 1988-2020 Free Software Foundation, Inc.
# License GPLv3+: GNU GPL version 3 or later <http://gnu.org/licenses/gpl.html>
# This is free software: you are free to change and redistribute it.
# There is NO WARRANTY, to the extent permitted by law.

# Make data base, printed on Sun Nov 21 13:48:46 2021

# Variables

# environment
GDK_BACKEND = x11
# environment
LC_ALL = C
# environment
NO_AT_BRIDGE = 1
# environment
STARSHIP_SESSION_KEY = 3169031211114031
# environment
I3SOCK = /run/user/1000/i3/ipc-socket.9723
# environment
VSCODE_IPC_HOOK_EXTHOST = /run/user/1000/vscode-ipc-4f564101-abc5-4524-a204-16a864f45446.sock
# environment
VSCODE_CWD = /home/aliha
# environment
WINDOWPATH = 2
# environment
 
GDM_LANG = en_US.UTF-8
# default
MAKE_COMMAND := make
# environment
GTK3_MODULES = canberra-gtk-module:xapp-gtk3-module:canberra-gtk-module
# automatic
@D = $(patsubst %/,%,$(dir $@))
# environment
VSCODE_HANDLES_UNCAUGHT_ERRORS = true
# default
.VARIABLES := 
# environment
PWD = /home/aliha/Fall2021/operating-systems/homeworks/homework3/code
# automatic
%D = $(patsubst %/,%,$(dir $%))
# environment
MAIL = thunderbird
# environment
OLDPWD = /home/aliha
# automatic
^D = $(patsubst %/,%,$(dir $^))
# environment
VSCODE_LOG_STACK = false
# automatic
%F = $(notdir $%)
# environment
VSCODE_CODE_CACHE_PATH = /home/aliha/.config/Code/CachedData/ccbaa2d27e38e5afa3e5c21c1c7bef4657064247
# environment
LANG = C
# environment
XAUTHORITY = /run/user/1000/gdm/Xauthority
# default
.LOADED := 
# default
.INCLUDE_DIRS = /usr/include /usr/local/include /usr/include
# makefile
MAKEFLAGS = pqrR
# makefile
CURDIR := /home/aliha/Fall2021/operating-systems/homeworks/homework3/code
# environment
VSCODE_PIPE_LOGGING = true
# environment
APPLICATION_INSIGHTS_NO_DIAGNOSTIC_CHANNEL = true
# automatic
*D = $(patsubst %/,%,$(dir $*))
# environment
MFLAGS = -pqrR
# default
.SHELLFLAGS := -c
# environment
QT_LINUX_ACCESSIBILITY_ALWAYS_ON = 1
# automatic
+D = $(patsubst %/,%,$(dir $+))
# environment
XDG_SESSION_DESKTOP = i3
# environment
VSCODE_CRASH_REPORTER_START_OPTIONS = {"companyName":"Microsoft","productName":"VSCode","submitURL":"appcenter://code?aid=fba07a4d-84bd-4fc8-a125-9640fc8ce171&uid=e449e3f7-3aa5-4897-a2b3-7594404f2359&iid=e449e3f7-3aa5-4897-a2b3-7594404f2359&sid=e449e3f7-3aa5-4897-a2b3-7594404f2359","uploadToServer":true}
# makefile (from 'makefile', line 1)
MAKEFILE_LIST := makefile
# automatic
@F = $(notdir $@)
# environment
VSCODE_VERBOSE_LOGGING = true
# environment
VSCODE_PID = 76406
# environment
XDG_SESSION_TYPE = x11
# automatic
?D = $(patsubst %/,%,$(dir $?))
# automatic
*F = $(notdir $*)
# environment
QT_QPA_PLATFORMTHEME = qt5ct
# environment
CHROME_DESKTOP = code-url-handler.desktop
# environment
DBUS_SESSION_BUS_ADDRESS = unix:path=/run/user/1000/bus
# automatic
<D = $(patsubst %/,%,$(dir $<))
# environment
VSCODE_NLS_CONFIG = {"locale":"en-us","availableLanguages":{},"_languagePackSupport":true}
# environment
BREAKPAD_DUMP_LOCATION = /home/aliha/.config/Code/exthost Crash Reports
# default
MAKE_HOST := x86_64-pc-linux-gnu
# makefile
SHELL = /bin/sh
# default
MAKECMDGOALS := all
# environment
SHLVL = 0
# environment
MAKELEVEL := 0
# default
MAKE = $(MAKE_COMMAND)
# environment
PATH = /home/aliha/.local/bin:/usr/local/bin:/usr/bin:/usr/local/sbin:/usr/lib/jvm/default/bin:/usr/bin/site_perl:/usr/bin/vendor_perl:/usr/bin/core_perl:/usr/lib/jvm/default/bin
# default
MAKEFILES := 
# environment
MOTD_SHOWN = pam
# automatic
^F = $(notdir $^)
# environment
VSCODE_LOG_NATIVE = false
# environment
USERNAME = aliha
# automatic
?F = $(notdir $?)
# environment
XDG_SEAT = seat0
# environment
XDG_CURRENT_DESKTOP = i3
# automatic
+F = $(notdir $+)
# environment
DESKTOP_SESSION = i3
# environment
ORIGINAL_XDG_CURRENT_DESKTOP = i3
# 'override' directive
GNUMAKEFLAGS := 
# environment
BROWSER = firedragon
# environment
LOGNAME = aliha
# environment
XDG_VTNR = 2
# makefile
.DEFAULT_GOAL := all
# environment
SYSTEMD_EXEC_PID = 9668
# environment
EDITOR = /usr/bin/micro
# environment
DISPLAY = :1
# environment
GTK_MODULES = canberra-gtk-module
# environment
USER = aliha
# default
MAKE_VERSION := 4.3
# environment
STARSHIP_SHELL = zsh
# environment
_ = /usr/bin/make
# environment
XDG_RUNTIME_DIR = /run/user/1000
# environment
XDG_SESSION_CLASS = user
# environment
VSCODE_AMD_ENTRYPOINT = vs/workbench/services/extensions/node/extensionHostProcess
# environment
GTK2_RC_FILES = /home/aliha/.gtkrc-2.0
# environment
HOME = /home/aliha
# environment
ELECTRON_RUN_AS_NODE = 1
# environment
VSCODE_IPC_HOOK = /run/user/1000/vscode-604d6ff9-1.62.3-main.sock
# environment
TERM = alacritty
# environment
HG = /usr/bin/hg
# environment
XDG_SESSION_ID = 3
# default
.RECIPEPREFIX := 
# automatic
<F = $(notdir $<)
# default
SUFFIXES := 
# default
.FEATURES := target-specific order-only second-expansion else-if shortest-stem undefine oneshell nocomment grouped-target extra-prereqs archives jobserver output-sync check-symlink guile load
# environment
GDMSESSION = i3
# variable set hash-table stats:
# Load=96/1024=9%, Rehash=0, Collisions=9/126=7%

# Pattern-specific Variable Values

# No pattern-specific variable values.

# Directories

# . (device 39, inode 2266652): 9 files, no impossibilities.

# 9 files, no impossibilities in 1 directories.

# Implicit Rules

# No implicit rules.

# Files

client: client.c
#  Implicit rule search has not been done.
#  Last modified 2021-11-21 13:47:50.223678868
#  File has been updated.
#  Successfully updated.
#  recipe to execute (from 'makefile', line 5):
	gcc -o client client.c -I -lpthread

# Not a target:
server.c:
#  Implicit rule search has been done.
#  Last modified 2021-11-21 13:40:33.652967392
#  File has been updated.
#  Successfully updated.

server: server.c
#  Implicit rule search has not been done.
#  Last modified 2021-11-21 13:47:50.107683117
#  File has been updated.
#  Successfully updated.
#  recipe to execute (from 'makefile', line 3):
	gcc -o server server.c -I -lpthread

# Not a target:
.DEFAULT:
#  Implicit rule search has not been done.
#  Modification time never checked.
#  File has not been updated.

# Not a target:
client.c:
#  Implicit rule search has been done.
#  Last modified 2021-11-21 13:42:08.665359356
#  File has been updated.
#  Successfully updated.

all: server client
#  Command line target.
#  Implicit rule search has been done.
#  File does not exist.
#  File has been updated.
#  Successfully updated.
 

# Not a target:
makefile:
#  Implicit rule search has been done.
#  Last modified 2021-11-21 13:48:30.137218727
#  File has been updated.
#  Successfully updated.

# files hash-table stats:
# Load=8/1024=1%, Rehash=0, Collisions=0/25=0%
# VPATH Search Paths

# No 'vpath' search paths.

# No general ('VPATH' variable) search path.

# strcache buffers: 1 (0) / strings = 14 / storage = 119 B / avg = 8 B
# current buf: size = 8162 B / used = 119 B / count = 14 / avg = 8 B

# strcache performance: lookups = 28 / hit rate = 50%
# hash-table stats:
# Load=14/8192=0%, Rehash=0, Collisions=0/28=0%
# Finished Make data base on Sun Nov 21 13:48:46 2021

 
